
3-species kinetics problem

At t = 2.6391e-01      y =  9.899653e-01    3.470564e-05    1.000000e-02
    rootsfound[] =   0   1
At t = 4.0000e-01      y =  9.851641e-01    3.386242e-05    1.480205e-02
At t = 4.0000e+00      y =  9.055097e-01    2.240338e-05    9.446793e-02
At t = 4.0000e+01      y =  7.158014e-01    9.185060e-06    2.841895e-01
At t = 4.0000e+02      y =  4.505419e-01    3.223114e-06    5.494549e-01
At t = 4.0000e+03      y =  1.832058e-01    8.942858e-07    8.167933e-01
At t = 4.0000e+04      y =  3.898182e-02    1.621600e-07    9.610180e-01
At t = 4.0000e+05      y =  4.937584e-03    1.984735e-08    9.950624e-01
At t = 4.0000e+06      y =  5.168621e-04    2.068503e-09    9.994831e-01
At t = 2.0812e+07      y =  1.000000e-04    4.000395e-10    9.999000e-01
    rootsfound[] =  -1   0
At t = 4.0000e+07      y =  5.203119e-05    2.081354e-10    9.999480e-01
At t = 4.0000e+08      y =  5.200805e-06    2.080333e-11    9.999948e-01
At t = 4.0000e+09      y =  5.351674e-07    2.140671e-12    9.999995e-01
At t = 4.0000e+10      y =  5.288015e-08    2.115206e-13    9.999999e-01

Final Statistics:
nst = 564    nfe  = 803    nsetups = 113    nje = 11
nni = 800    ncfn = 0      netf = 27        nge = 600
 
